<?xml version="1.0" encoding="UTF-8"?>
<!-- Generated by org.testng.reporters.JUnitReportReporter -->
<testsuite skipped="0" hostname="MAA-5CG6278HV" name="testcases.TC001_LoginLogout" tests="4" failures="0" timestamp="2019-09-29T13:28:01 IST" time="101.568" errors="0">
  <testcase name="loginTestcase" time="19.376" classname="testcases.TC001_LoginLogout"/>
  <testcase name="loginTestcase" time="39.286" classname="testcases.TC001_LoginLogout"/>
  <testcase name="loginTestcase" time="18.912" classname="testcases.TC001_LoginLogout"/>
  <testcase name="loginTestcase" time="23.994" classname="testcases.TC001_LoginLogout"/>
</testsuite> <!-- testcases.TC001_LoginLogout -->
